Running: fuse.exe -relaunch -intstyle "ise" -incremental -lib "secureip" -o "C:/Users/AAST/Downloads/DE/MohamedNasserMohamedAlmaghraby_19102722_2021/MIPS_SINGLE_CYCLE_PROCESSOR_isim_beh.exe" -prj "C:/Users/AAST/Downloads/DE/MohamedNasserMohamedAlmaghraby_19102722_2021/MIPS_SINGLE_CYCLE_PROCESSOR_beh.prj" "work.MIPS_SINGLE_CYCLE_PROCESSOR" 
ISim P.20131013 (signature 0x7708f090)
Number of CPUs detected in this system: 4
Turning on mult-threading, number of parallel sub-compilation jobs: 8 
Determining compilation order of HDL files
Parsing VHDL file "C:/Users/AAST/Downloads/DE/MohamedNasserMohamedAlmaghraby_19102722_2021/REGISTER_MUX.vhd" into library work
Parsing VHDL file "C:/Users/AAST/Downloads/DE/MohamedNasserMohamedAlmaghraby_19102722_2021/REGISTER_FILE.vhd" into library work
Parsing VHDL file "C:/Users/AAST/Downloads/DE/MohamedNasserMohamedAlmaghraby_19102722_2021/PC_ADDER.vhd" into library work
Parsing VHDL file "C:/Users/AAST/Downloads/DE/MohamedNasserMohamedAlmaghraby_19102722_2021/PC.vhd" into library work
Parsing VHDL file "C:/Users/AAST/Downloads/DE/MohamedNasserMohamedAlmaghraby_19102722_2021/ORDINARY_SIGNEXTEND.vhd" into library work
Parsing VHDL file "C:/Users/AAST/Downloads/DE/MohamedNasserMohamedAlmaghraby_19102722_2021/ORDINARY_MUX.vhd" into library work
Parsing VHDL file "C:/Users/AAST/Downloads/DE/MohamedNasserMohamedAlmaghraby_19102722_2021/MAIN_MEMORY.vhd" into library work
Parsing VHDL file "C:/Users/AAST/Downloads/DE/MohamedNasserMohamedAlmaghraby_19102722_2021/MAINALU.vhd" into library work
Parsing VHDL file "C:/Users/AAST/Downloads/DE/MohamedNasserMohamedAlmaghraby_19102722_2021/JUMP_SHIFTLEFT.vhd" into library work
Parsing VHDL file "C:/Users/AAST/Downloads/DE/MohamedNasserMohamedAlmaghraby_19102722_2021/INSTRUCTION_MEMORY.vhd" into library work
Parsing VHDL file "C:/Users/AAST/Downloads/DE/MohamedNasserMohamedAlmaghraby_19102722_2021/CONTROLUNIT.vhd" into library work
Parsing VHDL file "C:/Users/AAST/Downloads/DE/MohamedNasserMohamedAlmaghraby_19102722_2021/BRANCH_SHIFT_LEFT.vhd" into library work
Parsing VHDL file "C:/Users/AAST/Downloads/DE/MohamedNasserMohamedAlmaghraby_19102722_2021/BRANCH_AND.vhd" into library work
Parsing VHDL file "C:/Users/AAST/Downloads/DE/MohamedNasserMohamedAlmaghraby_19102722_2021/BRANCH_ALU.vhd" into library work
Parsing VHDL file "C:/Users/AAST/Downloads/DE/MohamedNasserMohamedAlmaghraby_19102722_2021/ALU_CONTROL.vhd" into library work
Parsing VHDL file "C:/Users/AAST/Downloads/DE/MohamedNasserMohamedAlmaghraby_19102722_2021/MIPS_SINGLE_CYCLE_PROCESSOR.vhd" into library work
Starting static elaboration
Completed static elaboration
Compiling package standard
Compiling package std_logic_1164
Compiling package numeric_std
Compiling package std_logic_arith
Compiling package std_logic_unsigned
Compiling architecture behavioral of entity INSTRUCTION_MEMORY [instruction_memory_default]
Compiling architecture behavioral of entity MAINALU [mainalu_default]
Compiling architecture behavioral of entity ALU_CONTROL [alu_control_default]
Compiling architecture behavioral of entity ORDINARY_MUX [ordinary_mux_default]
Compiling architecture behavioral of entity CONTROLUNI [controluni_default]
Compiling architecture behavioral of entity REGISTER_FILE [register_file_default]
Compiling architecture behavioral of entity REGISTER_MUX [register_mux_default]
Compiling architecture behavioral of entity BRANCH_ALU [branch_alu_default]
Compiling architecture behavioral of entity BRANCH_AND [branch_and_default]
Compiling architecture behavioral of entity BRANCH_SHIFT_LEFT [branch_shift_left_default]
Compiling architecture behavioral of entity ORDINARY_SIGNEXTEND [ordinary_signextend_default]
Compiling architecture behavioral of entity MAIN_MEMORY [main_memory_default]
Compiling architecture behavioral of entity PC_ADDER [pc_adder_default]
Compiling architecture behavioral of entity PC [pc_default]
Compiling architecture behavioral of entity JUMP_SHIFTLEFT [jump_shiftleft_default]
Compiling architecture behavioral of entity mips_single_cycle_processor
Time Resolution for simulation is 1ps.
Waiting for 7 sub-compilation(s) to finish...
WARNING:Simulator - Unable to copy libPortabilityNOSH.dll to the simulation executable directory: boost::filesystem::copy_file: The system cannot find the path specified, "isim\MIPS_SINGLE_CYCLE_PROCESSOR_isim_beh.exe.sim\libPortability.dll".
Compiled 36 VHDL Units
Built simulation executable C:/Users/AAST/Downloads/DE/MohamedNasserMohamedAlmaghraby_19102722_2021/MIPS_SINGLE_CYCLE_PROCESSOR_isim_beh.exe
Fuse Memory Usage: 37576 KB
Fuse CPU Usage: 827 ms
