Release 14.7 - xst P.20131013 (nt64)
Copyright (c) 1995-2013 Xilinx, Inc.  All rights reserved.
--> Parameter TMPDIR set to xst/projnav.tmp


Total REAL time to Xst completion: 0.00 secs
Total CPU time to Xst completion: 0.16 secs
 
--> Parameter xsthdpdir set to xst


Total REAL time to Xst completion: 0.00 secs
Total CPU time to Xst completion: 0.16 secs
 
--> Reading design: INSTRUCTION_MEMORY.prj

TABLE OF CONTENTS
  1) Synthesis Options Summary
  2) HDL Compilation
  3) Design Hierarchy Analysis
  4) HDL Analysis
  5) HDL Synthesis
     5.1) HDL Synthesis Report
  6) Advanced HDL Synthesis
     6.1) Advanced HDL Synthesis Report
  7) Low Level Synthesis
  8) Partition Report
  9) Final Report
	9.1) Device utilization summary
	9.2) Partition Resource Summary
	9.3) TIMING REPORT


=========================================================================
*                      Synthesis Options Summary                        *
=========================================================================
---- Source Parameters
Input File Name                    : "INSTRUCTION_MEMORY.prj"
Input Format                       : mixed
Ignore Synthesis Constraint File   : NO

---- Target Parameters
Output File Name                   : "INSTRUCTION_MEMORY"
Output Format                      : NGC
Target Device                      : xc3sd1800a-4-fg676

---- Source Options
Top Module Name                    : INSTRUCTION_MEMORY
Automatic FSM Extraction           : YES
FSM Encoding Algorithm             : Auto
Safe Implementation                : No
FSM Style                          : LUT
RAM Extraction                     : Yes
RAM Style                          : Auto
ROM Extraction                     : Yes
Mux Style                          : Auto
Decoder Extraction                 : YES
Priority Encoder Extraction        : Yes
Shift Register Extraction          : YES
Logical Shifter Extraction         : YES
XOR Collapsing                     : YES
ROM Style                          : Auto
Mux Extraction                     : Yes
Resource Sharing                   : YES
Asynchronous To Synchronous        : NO
Use DSP Block                      : Auto
Automatic Register Balancing       : No

---- Target Options
Add IO Buffers                     : YES
Global Maximum Fanout              : 100000
Add Generic Clock Buffer(BUFG)     : 24
Register Duplication               : YES
Slice Packing                      : YES
Optimize Instantiated Primitives   : NO
Use Clock Enable                   : Yes
Use Synchronous Set                : Yes
Use Synchronous Reset              : Yes
Pack IO Registers into IOBs        : Auto
Equivalent register Removal        : YES

---- General Options
Optimization Goal                  : Speed
Optimization Effort                : 1
Keep Hierarchy                     : No
Netlist Hierarchy                  : As_Optimized
RTL Output                         : Yes
Global Optimization                : AllClockNets
Read Cores                         : YES
Write Timing Constraints           : NO
Cross Clock Analysis               : NO
Hierarchy Separator                : /
Bus Delimiter                      : <>
Case Specifier                     : Maintain
Slice Utilization Ratio            : 100
BRAM Utilization Ratio             : 100
DSP48 Utilization Ratio            : 100
Verilog 2001                       : YES
Auto BRAM Packing                  : NO
Slice Utilization Ratio Delta      : 5

=========================================================================


=========================================================================
*                          HDL Compilation                              *
=========================================================================
Compiling vhdl file "C:/Users/AAST/Downloads/DE/MohamedNasserMohamedAlmaghraby_19102722_2021/INSTRUCTION_MEMORY.vhd" in Library work.
Entity <instruction_memory> compiled.
Entity <instruction_memory> (Architecture <behavioral>) compiled.

=========================================================================
*                     Design Hierarchy Analysis                         *
=========================================================================
Analyzing hierarchy for entity <INSTRUCTION_MEMORY> in library <work> (architecture <behavioral>).


=========================================================================
*                            HDL Analysis                               *
=========================================================================
Analyzing Entity <INSTRUCTION_MEMORY> in library <work> (Architecture <behavioral>).
WARNING:Xst:790 - "C:/Users/AAST/Downloads/DE/MohamedNasserMohamedAlmaghraby_19102722_2021/INSTRUCTION_MEMORY.vhd" line 60: Index value(s) does not match array range, simulation mismatch.
INFO:Xst:1607 - Contents of array <array_mem> may be accessed with an index that does not cover the full array size.
WARNING:Xst:790 - "C:/Users/AAST/Downloads/DE/MohamedNasserMohamedAlmaghraby_19102722_2021/INSTRUCTION_MEMORY.vhd" line 61: Index value(s) does not match array range, simulation mismatch.
INFO:Xst:1607 - Contents of array <array_mem> may be accessed with an index that does not cover the full array size.
WARNING:Xst:790 - "C:/Users/AAST/Downloads/DE/MohamedNasserMohamedAlmaghraby_19102722_2021/INSTRUCTION_MEMORY.vhd" line 62: Index value(s) does not match array range, simulation mismatch.
INFO:Xst:1607 - Contents of array <array_mem> may be accessed with an index that does not cover the full array size.
WARNING:Xst:790 - "C:/Users/AAST/Downloads/DE/MohamedNasserMohamedAlmaghraby_19102722_2021/INSTRUCTION_MEMORY.vhd" line 63: Index value(s) does not match array range, simulation mismatch.
INFO:Xst:1607 - Contents of array <array_mem> may be accessed with an index that does not cover the full array size.
Entity <INSTRUCTION_MEMORY> analyzed. Unit <INSTRUCTION_MEMORY> generated.


=========================================================================
*                           HDL Synthesis                               *
=========================================================================

Performing bidirectional port resolution...

Synthesizing Unit <INSTRUCTION_MEMORY>.
    Related source file is "C:/Users/AAST/Downloads/DE/MohamedNasserMohamedAlmaghraby_19102722_2021/INSTRUCTION_MEMORY.vhd".
WARNING:Xst:1781 - Signal <array_mem> is used but never assigned. Tied to default value.
    Found 28x8-bit ROM for signal <INSTRUCTION_7_0$varindex0000> created at line 63.
    Found 28x8-bit ROM for signal <INSTRUCTION_31_24$varindex0000> created at line 60.
    Found 28x8-bit ROM for signal <INSTRUCTION_15_8$varindex0000> created at line 62.
    Found 28x8-bit ROM for signal <INSTRUCTION_23_16$varindex0000> created at line 61.
    Found 32-bit register for signal <INSTRUCTION>.
    Found 32-bit adder for signal <array_mem$add0000> created at line 61.
    Found 32-bit adder for signal <array_mem$add0001> created at line 62.
    Found 32-bit adder for signal <array_mem$add0002> created at line 63.
    Summary:
	inferred   4 ROM(s).
	inferred  32 D-type flip-flop(s).
	inferred   3 Adder/Subtractor(s).
Unit <INSTRUCTION_MEMORY> synthesized.


=========================================================================
HDL Synthesis Report

Macro Statistics
# ROMs                                                 : 4
 28x8-bit ROM                                          : 4
# Adders/Subtractors                                   : 3
 32-bit adder                                          : 3
# Registers                                            : 32
 1-bit register                                        : 32

=========================================================================

=========================================================================
*                       Advanced HDL Synthesis                          *
=========================================================================


=========================================================================
Advanced HDL Synthesis Report

Macro Statistics
# ROMs                                                 : 4
 28x8-bit ROM                                          : 4
# Adders/Subtractors                                   : 3
 5-bit adder                                           : 3
# Registers                                            : 32
 Flip-Flops                                            : 32

=========================================================================

=========================================================================
*                         Low Level Synthesis                           *
=========================================================================

Optimizing unit <INSTRUCTION_MEMORY> ...

Mapping all equations...
Building and optimizing final netlist ...
Found area constraint ratio of 100 (+ 5) on block INSTRUCTION_MEMORY, actual ratio is 0.

Final Macro Processing ...

=========================================================================
Final Register Report

Macro Statistics
# Registers                                            : 32
 Flip-Flops                                            : 32

=========================================================================

=========================================================================
*                           Partition Report                            *
=========================================================================

Partition Implementation Status
-------------------------------

  No Partitions were found in this design.

-------------------------------

=========================================================================
*                            Final Report                               *
=========================================================================
Final Results
RTL Top Level Output File Name     : INSTRUCTION_MEMORY.ngr
Top Level Output File Name         : INSTRUCTION_MEMORY
Output Format                      : NGC
Optimization Goal                  : Speed
Keep Hierarchy                     : No

Design Statistics
# IOs                              : 65

Cell Usage :
# BELS                             : 59
#      GND                         : 1
#      LUT2                        : 5
#      LUT3                        : 9
#      LUT4                        : 35
#      MUXF5                       : 9
# FlipFlops/Latches                : 32
#      FD                          : 20
#      FDR                         : 12
# Clock Buffers                    : 1
#      BUFGP                       : 1
# IO Buffers                       : 37
#      IBUF                        : 5
#      OBUF                        : 32
=========================================================================

Device utilization summary:
---------------------------

Selected Device : 3sd1800afg676-4 

 Number of Slices:                       27  out of  16640     0%  
 Number of 4 input LUTs:                 49  out of  33280     0%  
 Number of IOs:                          65
 Number of bonded IOBs:                  38  out of    519     7%  
    IOB Flip Flops:                      32
 Number of GCLKs:                         1  out of     24     4%  

---------------------------
Partition Resource Summary:
---------------------------

  No Partitions were found in this design.

---------------------------


=========================================================================
TIMING REPORT

NOTE: THESE TIMING NUMBERS ARE ONLY A SYNTHESIS ESTIMATE.
      FOR ACCURATE TIMING INFORMATION PLEASE REFER TO THE TRACE REPORT
      GENERATED AFTER PLACE-and-ROUTE.

Clock Information:
------------------
-----------------------------------+------------------------+-------+
Clock Signal                       | Clock buffer(FF name)  | Load  |
-----------------------------------+------------------------+-------+
clk                                | BUFGP                  | 32    |
-----------------------------------+------------------------+-------+

Asynchronous Control Signals Information:
----------------------------------------
No asynchronous control signals found in this design

Timing Summary:
---------------
Speed Grade: -4

   Minimum period: No path found
   Minimum input arrival time before clock: 4.410ns
   Maximum output required time after clock: 5.531ns
   Maximum combinational path delay: No path found

Timing Detail:
--------------
All values displayed in nanoseconds (ns)

=========================================================================
Timing constraint: Default OFFSET IN BEFORE for Clock 'clk'
  Total number of paths / destination ports: 222 / 44
-------------------------------------------------------------------------
Offset:              4.410ns (Levels of Logic = 3)
  Source:            ADDRESS<1> (PAD)
  Destination:       INSTRUCTION_15 (FF)
  Destination Clock: clk rising

  Data Path: ADDRESS<1> to INSTRUCTION_15
                                Gate     Net
    Cell:in->out      fanout   Delay   Delay  Logical Name (Net Name)
    ----------------------------------------  ------------
     IBUF:I->O            39   0.849   1.407  ADDRESS_1_IBUF (ADDRESS_1_IBUF)
     LUT4:I0->O            3   0.648   0.611  Mrom_INSTRUCTION_15_8_varindex0000741 (Mrom_INSTRUCTION_15_8_varindex00007_bdd1)
     LUT3:I1->O            1   0.643   0.000  Mrom_INSTRUCTION_23_16_varindex0000711 (Mrom_INSTRUCTION_23_16_varindex00007)
     FD:D                      0.252          INSTRUCTION_23
    ----------------------------------------
    Total                      4.410ns (2.392ns logic, 2.018ns route)
                                       (54.2% logic, 45.8% route)

=========================================================================
Timing constraint: Default OFFSET OUT AFTER for Clock 'clk'
  Total number of paths / destination ports: 32 / 32
-------------------------------------------------------------------------
Offset:              5.531ns (Levels of Logic = 1)
  Source:            INSTRUCTION_31 (FF)
  Destination:       INSTRUCTION<31> (PAD)
  Source Clock:      clk rising

  Data Path: INSTRUCTION_31 to INSTRUCTION<31>
                                Gate     Net
    Cell:in->out      fanout   Delay   Delay  Logical Name (Net Name)
    ----------------------------------------  ------------
     FD:C->Q               1   0.591   0.420  INSTRUCTION_31 (INSTRUCTION_31)
     OBUF:I->O                 4.520          INSTRUCTION_31_OBUF (INSTRUCTION<31>)
    ----------------------------------------
    Total                      5.531ns (5.111ns logic, 0.420ns route)
                                       (92.4% logic, 7.6% route)

=========================================================================


Total REAL time to Xst completion: 6.00 secs
Total CPU time to Xst completion: 5.27 secs
 
--> 

Total memory usage is 4513280 kilobytes

Number of errors   :    0 (   0 filtered)
Number of warnings :    5 (   0 filtered)
Number of infos    :    4 (   0 filtered)

